2026-04-14 13:49:59,905 INFO o.a.j.u.JMeterUtils: Setting Locale to en_EN
2026-04-14 13:49:59,917 INFO o.a.j.JMeter: Loading user properties from: /opt/homebrew/Cellar/jmeter/5.6.3/libexec/bin/user.properties
2026-04-14 13:49:59,918 INFO o.a.j.JMeter: Loading system properties from: /opt/homebrew/Cellar/jmeter/5.6.3/libexec/bin/system.properties
2026-04-14 13:49:59,921 INFO o.a.j.JMeter: Copyright (c) 1998-2024 The Apache Software Foundation
2026-04-14 13:49:59,921 INFO o.a.j.JMeter: Version 5.6.3
2026-04-14 13:49:59,921 INFO o.a.j.JMeter: java.version=21.0.10
2026-04-14 13:49:59,921 INFO o.a.j.JMeter: java.vm.name=OpenJDK 64-Bit Server VM
2026-04-14 13:49:59,921 INFO o.a.j.JMeter: os.name=Mac OS X
2026-04-14 13:49:59,921 INFO o.a.j.JMeter: os.arch=aarch64
2026-04-14 13:49:59,921 INFO o.a.j.JMeter: os.version=26.2
2026-04-14 13:49:59,921 INFO o.a.j.JMeter: file.encoding=UTF-8
2026-04-14 13:49:59,921 INFO o.a.j.JMeter: java.awt.headless=true
2026-04-14 13:49:59,921 INFO o.a.j.JMeter: Max memory     =1073741824
2026-04-14 13:49:59,921 INFO o.a.j.JMeter: Available Processors =8
2026-04-14 13:49:59,927 INFO o.a.j.JMeter: Default Locale=English (EN)
2026-04-14 13:49:59,927 INFO o.a.j.JMeter: JMeter  Locale=English (EN)
2026-04-14 13:49:59,927 INFO o.a.j.JMeter: JMeterHome=/opt/homebrew/Cellar/jmeter/5.6.3/libexec
2026-04-14 13:49:59,927 INFO o.a.j.JMeter: user.dir  =/Users/blackhammer/Documents/Desafio-QA-Agi-PJ
2026-04-14 13:49:59,927 INFO o.a.j.JMeter: PWD       =/Users/blackhammer/Documents/Desafio-QA-Agi-PJ
2026-04-14 13:49:59,931 INFO o.a.j.JMeter: IP: 127.0.0.1 Name: Blackhammers-MacBook-Air.local FullName: localhost
2026-04-14 13:49:59,939 INFO o.a.j.s.FileServer: Default base='/Users/blackhammer/Documents/Desafio-QA-Agi-PJ'
2026-04-14 13:49:59,940 INFO o.a.j.s.FileServer: Set new base='/Users/blackhammer/Documents/Desafio-QA-Agi-PJ/performance-jmeter'
2026-04-14 13:50:00,028 INFO o.a.j.s.SaveService: Testplan (JMX) version: 2.2. Testlog (JTL) version: 2.2
2026-04-14 13:50:00,047 INFO o.a.j.s.SaveService: Using SaveService properties version 5.0
2026-04-14 13:50:00,048 INFO o.a.j.s.SaveService: Using SaveService properties file encoding UTF-8
2026-04-14 13:50:00,049 INFO o.a.j.s.SaveService: Loading file: performance-jmeter/agi_performance.jmx
2026-04-14 13:50:00,078 INFO o.a.j.p.h.s.HTTPSamplerBase: Parser for text/html is org.apache.jmeter.protocol.http.parser.LagartoBasedHtmlParser
2026-04-14 13:50:00,078 INFO o.a.j.p.h.s.HTTPSamplerBase: Parser for application/xhtml+xml is org.apache.jmeter.protocol.http.parser.LagartoBasedHtmlParser
2026-04-14 13:50:00,078 INFO o.a.j.p.h.s.HTTPSamplerBase: Parser for application/xml is org.apache.jmeter.protocol.http.parser.LagartoBasedHtmlParser
2026-04-14 13:50:00,078 INFO o.a.j.p.h.s.HTTPSamplerBase: Parser for text/xml is org.apache.jmeter.protocol.http.parser.LagartoBasedHtmlParser
2026-04-14 13:50:00,078 INFO o.a.j.p.h.s.HTTPSamplerBase: Parser for text/vnd.wap.wml is org.apache.jmeter.protocol.http.parser.RegexpHTMLParser
2026-04-14 13:50:00,078 INFO o.a.j.p.h.s.HTTPSamplerBase: Parser for text/css is org.apache.jmeter.protocol.http.parser.CssParser
2026-04-14 13:50:00,083 INFO o.a.j.JMeter: Creating summariser <summary>
2026-04-14 13:50:00,094 INFO o.a.j.e.StandardJMeterEngine: Running the test!
2026-04-14 13:50:00,094 INFO o.a.j.s.SampleEvent: List of sample_variables: []
2026-04-14 13:50:00,094 INFO o.a.j.s.SampleEvent: List of sample_variables: []
2026-04-14 13:50:00,096 INFO o.a.j.e.u.CompoundVariable: Note: Function class names must contain the string: '.functions.'
2026-04-14 13:50:00,096 INFO o.a.j.e.u.CompoundVariable: Note: Function class names must not contain the string: '.gui.'
2026-04-14 13:50:00,127 INFO o.a.j.r.ClassFinder: Will scan jar /opt/homebrew/Cellar/jmeter/5.6.3/libexec/lib/ext/jmeter-plugins-manager-1.9.jar with filter ExtendsClassFilter [parents=[interface org.apache.jmeter.functions.Function], inner=false, contains=null, notContains=null]. Consider exposing JMeter plugins via META-INF/services, and add JMeter-Skip-Class-Scanning=true manifest attribute so JMeter can skip classfile scanning
2026-04-14 13:50:00,186 INFO o.a.j.JMeter: Running test (1776185400186)
2026-04-14 13:50:00,195 INFO o.a.j.e.StandardJMeterEngine: Starting ThreadGroup: 1 : TG_01_Carga
2026-04-14 13:50:00,195 INFO o.a.j.e.StandardJMeterEngine: Starting 50 threads for group TG_01_Carga.
2026-04-14 13:50:00,195 INFO o.a.j.e.StandardJMeterEngine: Thread will continue on error
2026-04-14 13:50:00,195 INFO o.a.j.t.ThreadGroup: Starting thread group... number=1 threads=50 ramp-up=30 delayedStart=false
2026-04-14 13:50:00,198 INFO o.a.j.t.JMeterThread: Thread started: TG_01_Carga 1-1
2026-04-14 13:50:00,203 INFO o.a.j.t.ThreadGroup: Started thread group number 1
2026-04-14 13:50:00,203 INFO o.a.j.e.StandardJMeterEngine: All thread groups have been started
2026-04-14 13:50:00,208 INFO o.a.j.p.h.s.HTTPHCAbstractImpl: Local host = Blackhammers-MacBook-Air.local
2026-04-14 13:50:00,211 INFO o.a.j.p.h.s.HTTPHC4Impl: HTTP request retry count = 0
2026-04-14 13:50:00,211 INFO o.a.j.s.SampleResult: Note: Sample TimeStamps are START times
2026-04-14 13:50:00,211 INFO o.a.j.s.SampleResult: sampleresult.default.encoding is set to UTF-8
2026-04-14 13:50:00,211 INFO o.a.j.s.SampleResult: sampleresult.useNanoTime=true
2026-04-14 13:50:00,211 INFO o.a.j.s.SampleResult: sampleresult.nanoThreadSleep=5000
2026-04-14 13:50:00,801 INFO o.a.j.t.JMeterThread: Thread started: TG_01_Carga 1-2
2026-04-14 13:50:01,019 INFO o.a.j.p.h.s.h.LazyLayeredConnectionSocketFactory: Setting up HTTPS TrustAll Socket Factory
2026-04-14 13:50:01,023 INFO o.a.j.u.JsseSSLManager: Using default SSL protocol: TLS
2026-04-14 13:50:01,023 INFO o.a.j.u.JsseSSLManager: SSL session context: per-thread
2026-04-14 13:50:01,069 INFO o.a.j.u.SSLManager: JmeterKeyStore Location:  type JKS
2026-04-14 13:50:01,071 INFO o.a.j.u.SSLManager: KeyStore created OK
2026-04-14 13:50:01,071 WARN o.a.j.u.SSLManager: Keystore file not found, loading empty keystore
2026-04-14 13:50:01,401 INFO o.a.j.t.JMeterThread: Thread started: TG_01_Carga 1-3
2026-04-14 13:50:01,570 INFO o.a.j.r.Summariser: summary +      1 in 00:00:01 =    0.7/s Avg:  1328 Min:  1328 Max:  1328 Err:     0 (0.00%) Active: 3 Started: 3 Finished: 0
2026-04-14 13:50:02,001 INFO o.a.j.t.JMeterThread: Thread started: TG_01_Carga 1-4
2026-04-14 13:50:02,601 INFO o.a.j.t.JMeterThread: Thread started: TG_01_Carga 1-5
2026-04-14 13:50:03,201 INFO o.a.j.t.JMeterThread: Thread started: TG_01_Carga 1-6
2026-04-14 13:50:03,799 INFO o.a.j.t.JMeterThread: Thread started: TG_01_Carga 1-7
2026-04-14 13:50:04,400 INFO o.a.j.t.JMeterThread: Thread started: TG_01_Carga 1-8
2026-04-14 13:50:05,000 INFO o.a.j.t.JMeterThread: Thread started: TG_01_Carga 1-9
2026-04-14 13:50:05,601 INFO o.a.j.t.JMeterThread: Thread started: TG_01_Carga 1-10
2026-04-14 13:50:06,198 INFO o.a.j.t.JMeterThread: Thread started: TG_01_Carga 1-11
2026-04-14 13:50:06,799 INFO o.a.j.t.JMeterThread: Thread started: TG_01_Carga 1-12
2026-04-14 13:50:07,398 INFO o.a.j.t.JMeterThread: Thread started: TG_01_Carga 1-13
2026-04-14 13:50:08,000 INFO o.a.j.t.JMeterThread: Thread started: TG_01_Carga 1-14
2026-04-14 13:50:08,599 INFO o.a.j.t.JMeterThread: Thread started: TG_01_Carga 1-15
2026-04-14 13:50:09,196 INFO o.a.j.t.JMeterThread: Thread started: TG_01_Carga 1-16
2026-04-14 13:50:09,798 INFO o.a.j.t.JMeterThread: Thread started: TG_01_Carga 1-17
2026-04-14 13:50:10,397 INFO o.a.j.t.JMeterThread: Thread started: TG_01_Carga 1-18
2026-04-14 13:50:10,996 INFO o.a.j.t.JMeterThread: Thread started: TG_01_Carga 1-19
2026-04-14 13:50:11,602 INFO o.a.j.t.JMeterThread: Thread started: TG_01_Carga 1-20
2026-04-14 13:50:12,201 INFO o.a.j.t.JMeterThread: Thread started: TG_01_Carga 1-21
2026-04-14 13:50:12,797 INFO o.a.j.t.JMeterThread: Thread started: TG_01_Carga 1-22
2026-04-14 13:50:13,401 INFO o.a.j.t.JMeterThread: Thread started: TG_01_Carga 1-23
2026-04-14 13:50:14,000 INFO o.a.j.t.JMeterThread: Thread started: TG_01_Carga 1-24
2026-04-14 13:50:14,597 INFO o.a.j.t.JMeterThread: Thread started: TG_01_Carga 1-25
2026-04-14 13:50:15,198 INFO o.a.j.t.JMeterThread: Thread started: TG_01_Carga 1-26
2026-04-14 13:50:15,800 INFO o.a.j.t.JMeterThread: Thread started: TG_01_Carga 1-27
2026-04-14 13:50:16,400 INFO o.a.j.t.JMeterThread: Thread started: TG_01_Carga 1-28
2026-04-14 13:50:16,999 INFO o.a.j.t.JMeterThread: Thread started: TG_01_Carga 1-29
2026-04-14 13:50:17,599 INFO o.a.j.t.JMeterThread: Thread started: TG_01_Carga 1-30
2026-04-14 13:50:18,196 INFO o.a.j.t.JMeterThread: Thread started: TG_01_Carga 1-31
2026-04-14 13:50:18,804 INFO o.a.j.t.JMeterThread: Thread started: TG_01_Carga 1-32
2026-04-14 13:50:19,400 INFO o.a.j.t.JMeterThread: Thread started: TG_01_Carga 1-33
2026-04-14 13:50:20,000 INFO o.a.j.t.JMeterThread: Thread started: TG_01_Carga 1-34
2026-04-14 13:50:20,600 INFO o.a.j.t.JMeterThread: Thread started: TG_01_Carga 1-35
2026-04-14 13:50:21,196 INFO o.a.j.t.JMeterThread: Thread started: TG_01_Carga 1-36
2026-04-14 13:50:21,801 INFO o.a.j.t.JMeterThread: Thread started: TG_01_Carga 1-37
2026-04-14 13:50:22,400 INFO o.a.j.t.JMeterThread: Thread started: TG_01_Carga 1-38
2026-04-14 13:50:22,996 INFO o.a.j.t.JMeterThread: Thread started: TG_01_Carga 1-39
2026-04-14 13:50:23,598 INFO o.a.j.t.JMeterThread: Thread started: TG_01_Carga 1-40
2026-04-14 13:50:24,201 INFO o.a.j.t.JMeterThread: Thread started: TG_01_Carga 1-41
2026-04-14 13:50:24,796 INFO o.a.j.t.JMeterThread: Thread started: TG_01_Carga 1-42
2026-04-14 13:50:25,399 INFO o.a.j.t.JMeterThread: Thread started: TG_01_Carga 1-43
2026-04-14 13:50:26,001 INFO o.a.j.t.JMeterThread: Thread started: TG_01_Carga 1-44
2026-04-14 13:50:26,597 INFO o.a.j.t.JMeterThread: Thread started: TG_01_Carga 1-45
2026-04-14 13:50:27,198 INFO o.a.j.t.JMeterThread: Thread started: TG_01_Carga 1-46
2026-04-14 13:50:27,800 INFO o.a.j.t.JMeterThread: Thread started: TG_01_Carga 1-47
2026-04-14 13:50:28,396 INFO o.a.j.t.JMeterThread: Thread started: TG_01_Carga 1-48
2026-04-14 13:50:28,998 INFO o.a.j.t.JMeterThread: Thread started: TG_01_Carga 1-49
2026-04-14 13:50:29,599 INFO o.a.j.t.JMeterThread: Thread started: TG_01_Carga 1-50
2026-04-14 13:50:30,003 INFO o.a.j.r.Summariser: summary +   1230 in 00:00:28 =   43.3/s Avg:   595 Min:   374 Max:  5906 Err:    16 (1.30%) Active: 50 Started: 50 Finished: 0
2026-04-14 13:50:30,004 INFO o.a.j.r.Summariser: summary =   1231 in 00:00:30 =   41.3/s Avg:   596 Min:   374 Max:  5906 Err:    16 (1.30%)
2026-04-14 13:51:00,027 INFO o.a.j.r.Summariser: summary +   2798 in 00:00:30 =   93.2/s Avg:   538 Min:   373 Max:  3792 Err:    23 (0.82%) Active: 50 Started: 50 Finished: 0
2026-04-14 13:51:00,029 INFO o.a.j.r.Summariser: summary =   4029 in 00:01:00 =   67.3/s Avg:   556 Min:   373 Max:  5906 Err:    39 (0.97%)
2026-04-14 13:51:30,018 INFO o.a.j.r.Summariser: summary +   2832 in 00:00:30 =   94.4/s Avg:   528 Min:   372 Max:  5449 Err:    20 (0.71%) Active: 50 Started: 50 Finished: 0
2026-04-14 13:51:30,019 INFO o.a.j.r.Summariser: summary =   6861 in 00:01:30 =   76.4/s Avg:   544 Min:   372 Max:  5906 Err:    59 (0.86%)
2026-04-14 13:52:00,005 INFO o.a.j.r.Summariser: summary +   2908 in 00:00:30 =   97.0/s Avg:   517 Min:   374 Max:  3478 Err:    22 (0.76%) Active: 50 Started: 50 Finished: 0
2026-04-14 13:52:00,007 INFO o.a.j.r.Summariser: summary =   9769 in 00:02:00 =   81.5/s Avg:   536 Min:   372 Max:  5906 Err:    81 (0.83%)
2026-04-14 13:52:30,010 INFO o.a.j.r.Summariser: summary +   2802 in 00:00:30 =   93.4/s Avg:   530 Min:   373 Max:  5546 Err:    21 (0.75%) Active: 50 Started: 50 Finished: 0
2026-04-14 13:52:30,015 INFO o.a.j.r.Summariser: summary =  12571 in 00:02:30 =   83.9/s Avg:   535 Min:   372 Max:  5906 Err:   102 (0.81%)
2026-04-14 13:53:00,009 INFO o.a.j.r.Summariser: summary +   2776 in 00:00:30 =   92.5/s Avg:   544 Min:   372 Max:  7210 Err:    23 (0.83%) Active: 50 Started: 50 Finished: 0
2026-04-14 13:53:00,017 INFO o.a.j.r.Summariser: summary =  15347 in 00:03:00 =   85.3/s Avg:   536 Min:   372 Max:  7210 Err:   125 (0.81%)
2026-04-14 13:53:30,002 INFO o.a.j.r.Summariser: summary +   2902 in 00:00:30 =   96.8/s Avg:   515 Min:   372 Max:  5079 Err:    17 (0.59%) Active: 50 Started: 50 Finished: 0
2026-04-14 13:53:30,003 INFO o.a.j.r.Summariser: summary =  18249 in 00:03:30 =   87.0/s Avg:   533 Min:   372 Max:  7210 Err:   142 (0.78%)
2026-04-14 13:54:00,005 INFO o.a.j.r.Summariser: summary +   3051 in 00:00:30 =  101.7/s Avg:   493 Min:   373 Max:  4710 Err:    14 (0.46%) Active: 50 Started: 50 Finished: 0
2026-04-14 13:54:00,007 INFO o.a.j.r.Summariser: summary =  21300 in 00:04:00 =   88.8/s Avg:   527 Min:   372 Max:  7210 Err:   156 (0.73%)
2026-04-14 13:54:30,006 INFO o.a.j.r.Summariser: summary +   2962 in 00:00:30 =   98.7/s Avg:   503 Min:   374 Max:  4484 Err:    18 (0.61%) Active: 50 Started: 50 Finished: 0
2026-04-14 13:54:30,007 INFO o.a.j.r.Summariser: summary =  24262 in 00:04:30 =   89.9/s Avg:   524 Min:   372 Max:  7210 Err:   174 (0.72%)
2026-04-14 13:55:00,007 INFO o.a.j.r.Summariser: summary +   3006 in 00:00:30 =  100.2/s Avg:   494 Min:   372 Max:  5163 Err:     5 (0.17%) Active: 50 Started: 50 Finished: 0
2026-04-14 13:55:00,016 INFO o.a.j.r.Summariser: summary =  27268 in 00:05:00 =   90.9/s Avg:   521 Min:   372 Max:  7210 Err:   179 (0.66%)
2026-04-14 13:55:00,198 INFO o.a.j.t.JMeterThread: Stopping because end time detected by thread: TG_01_Carga 1-2
2026-04-14 13:55:00,199 INFO o.a.j.t.JMeterThread: Thread finished: TG_01_Carga 1-2
2026-04-14 13:55:00,205 INFO o.a.j.t.JMeterThread: Stopping because end time detected by thread: TG_01_Carga 1-5
2026-04-14 13:55:00,205 INFO o.a.j.t.JMeterThread: Thread finished: TG_01_Carga 1-5
2026-04-14 13:55:00,220 INFO o.a.j.t.JMeterThread: Stopping because end time detected by thread: TG_01_Carga 1-26
2026-04-14 13:55:00,220 INFO o.a.j.t.JMeterThread: Thread finished: TG_01_Carga 1-26
2026-04-14 13:55:00,224 INFO o.a.j.t.JMeterThread: Stopping because end time detected by thread: TG_01_Carga 1-25
2026-04-14 13:55:00,224 INFO o.a.j.t.JMeterThread: Thread finished: TG_01_Carga 1-25
2026-04-14 13:55:00,227 INFO o.a.j.t.JMeterThread: Stopping because end time detected by thread: TG_01_Carga 1-24
2026-04-14 13:55:00,227 INFO o.a.j.t.JMeterThread: Thread finished: TG_01_Carga 1-24
2026-04-14 13:55:00,227 INFO o.a.j.t.JMeterThread: Stopping because end time detected by thread: TG_01_Carga 1-37
2026-04-14 13:55:00,227 INFO o.a.j.t.JMeterThread: Thread finished: TG_01_Carga 1-37
2026-04-14 13:55:00,236 INFO o.a.j.t.JMeterThread: Stopping because end time detected by thread: TG_01_Carga 1-6
2026-04-14 13:55:00,236 INFO o.a.j.t.JMeterThread: Thread finished: TG_01_Carga 1-6
2026-04-14 13:55:00,256 INFO o.a.j.t.JMeterThread: Stopping because end time detected by thread: TG_01_Carga 1-50
2026-04-14 13:55:00,257 INFO o.a.j.t.JMeterThread: Thread finished: TG_01_Carga 1-50
2026-04-14 13:55:00,261 INFO o.a.j.t.JMeterThread: Stopping because end time detected by thread: TG_01_Carga 1-19
2026-04-14 13:55:00,261 INFO o.a.j.t.JMeterThread: Thread finished: TG_01_Carga 1-19
2026-04-14 13:55:00,262 INFO o.a.j.t.JMeterThread: Stopping because end time detected by thread: TG_01_Carga 1-3
2026-04-14 13:55:00,262 INFO o.a.j.t.JMeterThread: Thread finished: TG_01_Carga 1-3
2026-04-14 13:55:00,279 INFO o.a.j.t.JMeterThread: Stopping because end time detected by thread: TG_01_Carga 1-27
2026-04-14 13:55:00,279 INFO o.a.j.t.JMeterThread: Thread finished: TG_01_Carga 1-27
2026-04-14 13:55:00,287 INFO o.a.j.t.JMeterThread: Stopping because end time detected by thread: TG_01_Carga 1-36
2026-04-14 13:55:00,287 INFO o.a.j.t.JMeterThread: Thread finished: TG_01_Carga 1-36
2026-04-14 13:55:00,289 INFO o.a.j.t.JMeterThread: Stopping because end time detected by thread: TG_01_Carga 1-40
2026-04-14 13:55:00,289 INFO o.a.j.t.JMeterThread: Thread finished: TG_01_Carga 1-40
2026-04-14 13:55:00,296 INFO o.a.j.t.JMeterThread: Stopping because end time detected by thread: TG_01_Carga 1-10
2026-04-14 13:55:00,296 INFO o.a.j.t.JMeterThread: Thread finished: TG_01_Carga 1-10
2026-04-14 13:55:00,320 INFO o.a.j.t.JMeterThread: Stopping because end time detected by thread: TG_01_Carga 1-44
2026-04-14 13:55:00,320 INFO o.a.j.t.JMeterThread: Thread finished: TG_01_Carga 1-44
2026-04-14 13:55:00,332 INFO o.a.j.t.JMeterThread: Stopping because end time detected by thread: TG_01_Carga 1-46
2026-04-14 13:55:00,332 INFO o.a.j.t.JMeterThread: Thread finished: TG_01_Carga 1-46
2026-04-14 13:55:00,341 INFO o.a.j.t.JMeterThread: Stopping because end time detected by thread: TG_01_Carga 1-49
2026-04-14 13:55:00,341 INFO o.a.j.t.JMeterThread: Thread finished: TG_01_Carga 1-49
2026-04-14 13:55:00,342 INFO o.a.j.t.JMeterThread: Stopping because end time detected by thread: TG_01_Carga 1-28
2026-04-14 13:55:00,342 INFO o.a.j.t.JMeterThread: Thread finished: TG_01_Carga 1-28
2026-04-14 13:55:00,349 INFO o.a.j.t.JMeterThread: Stopping because end time detected by thread: TG_01_Carga 1-20
2026-04-14 13:55:00,349 INFO o.a.j.t.JMeterThread: Thread finished: TG_01_Carga 1-20
2026-04-14 13:55:00,364 INFO o.a.j.t.JMeterThread: Stopping because end time detected by thread: TG_01_Carga 1-43
2026-04-14 13:55:00,365 INFO o.a.j.t.JMeterThread: Thread finished: TG_01_Carga 1-43
2026-04-14 13:55:00,366 INFO o.a.j.t.JMeterThread: Stopping because end time detected by thread: TG_01_Carga 1-45
2026-04-14 13:55:00,366 INFO o.a.j.t.JMeterThread: Thread finished: TG_01_Carga 1-45
2026-04-14 13:55:00,376 INFO o.a.j.t.JMeterThread: Stopping because end time detected by thread: TG_01_Carga 1-14
2026-04-14 13:55:00,376 INFO o.a.j.t.JMeterThread: Thread finished: TG_01_Carga 1-14
2026-04-14 13:55:00,395 INFO o.a.j.t.JMeterThread: Stopping because end time detected by thread: TG_01_Carga 1-18
2026-04-14 13:55:00,395 INFO o.a.j.t.JMeterThread: Thread finished: TG_01_Carga 1-18
2026-04-14 13:55:00,398 INFO o.a.j.t.JMeterThread: Stopping because end time detected by thread: TG_01_Carga 1-39
2026-04-14 13:55:00,398 INFO o.a.j.t.JMeterThread: Thread finished: TG_01_Carga 1-39
2026-04-14 13:55:00,399 INFO o.a.j.t.JMeterThread: Stopping because end time detected by thread: TG_01_Carga 1-33
2026-04-14 13:55:00,400 INFO o.a.j.t.JMeterThread: Thread finished: TG_01_Carga 1-33
2026-04-14 13:55:00,413 INFO o.a.j.t.JMeterThread: Stopping because end time detected by thread: TG_01_Carga 1-15
2026-04-14 13:55:00,413 INFO o.a.j.t.JMeterThread: Thread finished: TG_01_Carga 1-15
2026-04-14 13:55:00,422 INFO o.a.j.t.JMeterThread: Stopping because end time detected by thread: TG_01_Carga 1-8
2026-04-14 13:55:00,422 INFO o.a.j.t.JMeterThread: Thread finished: TG_01_Carga 1-8
2026-04-14 13:55:00,434 INFO o.a.j.t.JMeterThread: Stopping because end time detected by thread: TG_01_Carga 1-29
2026-04-14 13:55:00,434 INFO o.a.j.t.JMeterThread: Thread finished: TG_01_Carga 1-29
2026-04-14 13:55:00,437 INFO o.a.j.t.JMeterThread: Stopping because end time detected by thread: TG_01_Carga 1-9
2026-04-14 13:55:00,437 INFO o.a.j.t.JMeterThread: Thread finished: TG_01_Carga 1-9
2026-04-14 13:55:00,439 INFO o.a.j.t.JMeterThread: Stopping because end time detected by thread: TG_01_Carga 1-35
2026-04-14 13:55:00,439 INFO o.a.j.t.JMeterThread: Thread finished: TG_01_Carga 1-35
2026-04-14 13:55:00,446 INFO o.a.j.t.JMeterThread: Stopping because end time detected by thread: TG_01_Carga 1-42
2026-04-14 13:55:00,446 INFO o.a.j.t.JMeterThread: Thread finished: TG_01_Carga 1-42
2026-04-14 13:55:00,452 INFO o.a.j.t.JMeterThread: Stopping because end time detected by thread: TG_01_Carga 1-12
2026-04-14 13:55:00,453 INFO o.a.j.t.JMeterThread: Thread finished: TG_01_Carga 1-12
2026-04-14 13:55:00,453 INFO o.a.j.t.JMeterThread: Stopping because end time detected by thread: TG_01_Carga 1-38
2026-04-14 13:55:00,453 INFO o.a.j.t.JMeterThread: Thread finished: TG_01_Carga 1-38
2026-04-14 13:55:00,471 INFO o.a.j.t.JMeterThread: Stopping because end time detected by thread: TG_01_Carga 1-7
2026-04-14 13:55:00,472 INFO o.a.j.t.JMeterThread: Thread finished: TG_01_Carga 1-7
2026-04-14 13:55:00,490 INFO o.a.j.t.JMeterThread: Stopping because end time detected by thread: TG_01_Carga 1-48
2026-04-14 13:55:00,490 INFO o.a.j.t.JMeterThread: Thread finished: TG_01_Carga 1-48
2026-04-14 13:55:00,531 INFO o.a.j.t.JMeterThread: Stopping because end time detected by thread: TG_01_Carga 1-13
2026-04-14 13:55:00,531 INFO o.a.j.t.JMeterThread: Stopping because end time detected by thread: TG_01_Carga 1-21
2026-04-14 13:55:00,531 INFO o.a.j.t.JMeterThread: Stopping because end time detected by thread: TG_01_Carga 1-47
2026-04-14 13:55:00,532 INFO o.a.j.t.JMeterThread: Thread finished: TG_01_Carga 1-13
2026-04-14 13:55:00,531 INFO o.a.j.t.JMeterThread: Stopping because end time detected by thread: TG_01_Carga 1-22
2026-04-14 13:55:00,532 INFO o.a.j.t.JMeterThread: Thread finished: TG_01_Carga 1-21
2026-04-14 13:55:00,532 INFO o.a.j.t.JMeterThread: Thread finished: TG_01_Carga 1-47
2026-04-14 13:55:00,532 INFO o.a.j.t.JMeterThread: Thread finished: TG_01_Carga 1-22
2026-04-14 13:55:00,535 INFO o.a.j.t.JMeterThread: Stopping because end time detected by thread: TG_01_Carga 1-32
2026-04-14 13:55:00,535 INFO o.a.j.t.JMeterThread: Thread finished: TG_01_Carga 1-32
2026-04-14 13:55:00,556 INFO o.a.j.t.JMeterThread: Stopping because end time detected by thread: TG_01_Carga 1-34
2026-04-14 13:55:00,556 INFO o.a.j.t.JMeterThread: Thread finished: TG_01_Carga 1-34
2026-04-14 13:55:00,563 INFO o.a.j.t.JMeterThread: Stopping because end time detected by thread: TG_01_Carga 1-16
2026-04-14 13:55:00,563 INFO o.a.j.t.JMeterThread: Thread finished: TG_01_Carga 1-16
2026-04-14 13:55:00,575 INFO o.a.j.t.JMeterThread: Stopping because end time detected by thread: TG_01_Carga 1-17
2026-04-14 13:55:00,575 INFO o.a.j.t.JMeterThread: Thread finished: TG_01_Carga 1-17
2026-04-14 13:55:00,576 INFO o.a.j.t.JMeterThread: Stopping because end time detected by thread: TG_01_Carga 1-23
2026-04-14 13:55:00,576 INFO o.a.j.t.JMeterThread: Thread finished: TG_01_Carga 1-23
2026-04-14 13:55:00,597 INFO o.a.j.t.JMeterThread: Stopping because end time detected by thread: TG_01_Carga 1-4
2026-04-14 13:55:00,597 INFO o.a.j.t.JMeterThread: Thread finished: TG_01_Carga 1-4
2026-04-14 13:55:00,603 INFO o.a.j.t.JMeterThread: Stopping because end time detected by thread: TG_01_Carga 1-30
2026-04-14 13:55:00,603 INFO o.a.j.t.JMeterThread: Thread finished: TG_01_Carga 1-30
2026-04-14 13:55:00,607 INFO o.a.j.t.JMeterThread: Stopping because end time detected by thread: TG_01_Carga 1-41
2026-04-14 13:55:00,607 INFO o.a.j.t.JMeterThread: Stopping because end time detected by thread: TG_01_Carga 1-1
2026-04-14 13:55:00,607 INFO o.a.j.t.JMeterThread: Thread finished: TG_01_Carga 1-41
2026-04-14 13:55:00,607 INFO o.a.j.t.JMeterThread: Thread finished: TG_01_Carga 1-1
2026-04-14 13:55:00,667 INFO o.a.j.t.JMeterThread: Stopping because end time detected by thread: TG_01_Carga 1-11
2026-04-14 13:55:00,667 INFO o.a.j.t.JMeterThread: Thread finished: TG_01_Carga 1-11
2026-04-14 13:58:37,071 INFO o.a.j.t.JMeterThread: Stopping because end time detected by thread: TG_01_Carga 1-31
2026-04-14 13:58:37,074 INFO o.a.j.t.JMeterThread: Thread finished: TG_01_Carga 1-31
2026-04-14 13:58:37,078 INFO o.a.j.e.StandardJMeterEngine: Notifying test listeners of end of test
2026-04-14 13:58:37,081 INFO o.a.j.r.Summariser: summary +     70 in 00:03:37 =    0.3/s Avg:  3870 Min:   379 Max: 239848 Err:     1 (1.43%) Active: 0 Started: 50 Finished: 50
2026-04-14 13:58:37,081 INFO o.a.j.r.Summariser: summary =  27338 in 00:08:37 =   52.9/s Avg:   529 Min:   372 Max: 239848 Err:   180 (0.66%)
